Build started 27.10.2015 15:29:29.
     1>Project "C:\Users\PyryKos\Desktop\realiaikagrafiikkaohjelmointi\realaikgrafHarj\realaikgrafHarj\realaikgrafHarj.vcxproj" on node 2 (Build target(s)).
     1>ClCompile:
         C:\Program Files (x86)\Microsoft Visual Studio 12.0\VC\bin\CL.exe /c /ZI /nologo /W3 /WX- /sdl /Od /Oy- /D _MBCS /Gm /EHsc /RTC1 /MDd /GS /fp:precise /Zc:wchar_t /Zc:forScope /Fo"Debug\\" /Fd"Debug\vc120.pdb" /Gd /TP /analyze- /errorReport:prompt Source.cpp
         Source.cpp
     1>c:\users\pyrykos\desktop\realiaikagrafiikkaohjelmointi\realaikgrafharj\realaikgrafharj\source.cpp(13): warning C4244: '=' : conversion from 'double' to 'int', possible loss of data
                 c:\users\pyrykos\desktop\realiaikagrafiikkaohjelmointi\realaikgrafharj\realaikgrafharj\source.cpp(8) : while compiling class template member function 'vector_T<int>::vector_T(int)'
                 c:\users\pyrykos\desktop\realiaikagrafiikkaohjelmointi\realaikgrafharj\realaikgrafharj\source.cpp(127) : see reference to function template instantiation 'vector_T<int>::vector_T(int)' being compiled
                 c:\users\pyrykos\desktop\realiaikagrafiikkaohjelmointi\realaikgrafharj\realaikgrafharj\source.cpp(127) : see reference to class template instantiation 'vector_T<int>' being compiled
     1>c:\users\pyrykos\desktop\realiaikagrafiikkaohjelmointi\realaikgrafharj\realaikgrafharj\source.cpp(81): warning C4018: '<=' : signed/unsigned mismatch
                 c:\users\pyrykos\desktop\realiaikagrafiikkaohjelmointi\realaikgrafharj\realaikgrafharj\source.cpp(80) : while compiling class template member function 'void vector_T<int>::Push(const T &)'
                 with
                 [
                     T=int
                 ]
                 c:\users\pyrykos\desktop\realiaikagrafiikkaohjelmointi\realaikgrafharj\realaikgrafharj\source.cpp(131) : see reference to function template instantiation 'void vector_T<int>::Push(const T &)' being compiled
                 with
                 [
                     T=int
                 ]
     1>c:\users\pyrykos\desktop\realiaikagrafiikkaohjelmointi\realaikgrafharj\realaikgrafharj\source.cpp(110): warning C4244: '+=' : conversion from 'double' to 'float', possible loss of data
                 c:\users\pyrykos\desktop\realiaikagrafiikkaohjelmointi\realaikgrafharj\realaikgrafharj\source.cpp(101) : while compiling class template member function 'float vector_T<int>::GetNorm(void)'
                 c:\users\pyrykos\desktop\realiaikagrafiikkaohjelmointi\realaikgrafharj\realaikgrafharj\source.cpp(151) : see reference to function template instantiation 'float vector_T<int>::GetNorm(void)' being compiled
       Link:
         C:\Program Files (x86)\Microsoft Visual Studio 12.0\VC\bin\link.exe /ERRORREPORT:PROMPT /OUT:"C:\Users\PyryKos\Desktop\realiaikagrafiikkaohjelmointi\realaikgrafHarj\Debug\realaikgrafHarj.exe" /INCREMENTAL /NOLOGO kernel32.lib user32.lib gdi32.lib winspool.lib comdlg32.lib advapi32.lib shell32.lib ole32.lib oleaut32.lib uuid.lib odbc32.lib odbccp32.lib /MANIFEST /MANIFESTUAC:"level='asInvoker' uiAccess='false'" /manifest:embed /DEBUG /PDB:"C:\Users\PyryKos\Desktop\realiaikagrafiikkaohjelmointi\realaikgrafHarj\Debug\realaikgrafHarj.pdb" /TLBID:1 /DYNAMICBASE /NXCOMPAT /IMPLIB:"C:\Users\PyryKos\Desktop\realiaikagrafiikkaohjelmointi\realaikgrafHarj\Debug\realaikgrafHarj.lib" /MACHINE:X86 Debug\matrix.obj
         Debug\Source.obj
         Debug\vector.obj
         realaikgrafHarj.vcxproj -> C:\Users\PyryKos\Desktop\realiaikagrafiikkaohjelmointi\realaikgrafHarj\Debug\realaikgrafHarj.exe
     1>Done Building Project "C:\Users\PyryKos\Desktop\realiaikagrafiikkaohjelmointi\realaikgrafHarj\realaikgrafHarj\realaikgrafHarj.vcxproj" (Build target(s)).

Build succeeded.

Time Elapsed 00:00:00.71
